[debug] [2022-02-04T09:20:04.653Z] ----------------------------------------------------------------------
[debug] [2022-02-04T09:20:04.658Z] Command:       C:\Program Files\nodejs\node.exe C:\Users\stari\AppData\Roaming\npm\node_modules\firebase-tools\lib\bin\firebase.js login
[debug] [2022-02-04T09:20:04.658Z] CLI Version:   10.1.4
[debug] [2022-02-04T09:20:04.659Z] Platform:      win32
[debug] [2022-02-04T09:20:04.659Z] Node Version:  v14.17.6
[debug] [2022-02-04T09:20:04.661Z] Time:          Fri Feb 04 2022 12:20:04 GMT+0300 (Москва, стандартное время)
[debug] [2022-02-04T09:20:04.661Z] ----------------------------------------------------------------------
[debug] 
[debug] [2022-02-04T09:20:04.667Z] >>> [apiv2][query] GET https://firebase-public.firebaseio.com/cli.json [none]
[info] i  Firebase optionally collects CLI usage and error reporting information to help improve our products. Data is collected in accordance with Google's privacy policy (https://policies.google.com/privacy) and is not used to identify you.
 
[debug] [2022-02-04T09:20:05.253Z] <<< [apiv2][status] GET https://firebase-public.firebaseio.com/cli.json 200
[debug] [2022-02-04T09:20:05.253Z] <<< [apiv2][body] GET https://firebase-public.firebaseio.com/cli.json {"cloudBuildErrorAfter":1594252800000,"cloudBuildWarnAfter":1590019200000,"defaultNode10After":1594252800000,"minVersion":"3.0.5","node8DeploysDisabledAfter":1613390400000,"node8RuntimeDisabledAfter":1615809600000,"node8WarnAfter":1600128000000}
[info] 
[info] Visit this URL on this device to log in:
[info] https://accounts.google.com/o/oauth2/auth?client_id=563584335869-fgrhgmd47bqnekij5i8b5pr03ho849e6.apps.googleusercontent.com&scope=email%20openid%20https%3A%2F%2Fwww.googleapis.com%2Fauth%2Fcloudplatformprojects.readonly%20https%3A%2F%2Fwww.googleapis.com%2Fauth%2Ffirebase%20https%3A%2F%2Fwww.googleapis.com%2Fauth%2Fcloud-platform&response_type=code&state=586012565&redirect_uri=http%3A%2F%2Flocalhost%3A9005
[info] 
[info] Waiting for authentication...
[debug] [2022-02-04T09:20:13.376Z] Error: spawn cmd ENOENT
    at Process.ChildProcess._handle.onexit (internal/child_process.js:269:19)
    at onErrorNT (internal/child_process.js:467:16)
    at processTicksAndRejections (internal/process/task_queues.js:82:21)
[error] 
[error] Error: An unexpected error has occurred.
[debug] [2022-02-04T09:21:16.140Z] ----------------------------------------------------------------------
[debug] [2022-02-04T09:21:16.145Z] Command:       C:\Program Files\nodejs\node.exe C:\Users\stari\AppData\Roaming\npm\node_modules\firebase-tools\lib\bin\firebase.js login
[debug] [2022-02-04T09:21:16.146Z] CLI Version:   10.1.4
[debug] [2022-02-04T09:21:16.146Z] Platform:      win32
[debug] [2022-02-04T09:21:16.146Z] Node Version:  v14.17.6
[debug] [2022-02-04T09:21:16.147Z] Time:          Fri Feb 04 2022 12:21:16 GMT+0300 (Москва, стандартное время)
[debug] [2022-02-04T09:21:16.148Z] ----------------------------------------------------------------------
[debug] 
[info] i  Firebase optionally collects CLI usage and error reporting information to help improve our products. Data is collected in accordance with Google's privacy policy (https://policies.google.com/privacy) and is not used to identify you.
 
[info] 
[info] Visit this URL on this device to log in:
[info] https://accounts.google.com/o/oauth2/auth?client_id=563584335869-fgrhgmd47bqnekij5i8b5pr03ho849e6.apps.googleusercontent.com&scope=email%20openid%20https%3A%2F%2Fwww.googleapis.com%2Fauth%2Fcloudplatformprojects.readonly%20https%3A%2F%2Fwww.googleapis.com%2Fauth%2Ffirebase%20https%3A%2F%2Fwww.googleapis.com%2Fauth%2Fcloud-platform&response_type=code&state=885305539&redirect_uri=http%3A%2F%2Flocalhost%3A9005
[info] 
[info] Waiting for authentication...
[debug] [2022-02-04T09:21:18.105Z] Error: spawn cmd ENOENT
    at Process.ChildProcess._handle.onexit (internal/child_process.js:269:19)
    at onErrorNT (internal/child_process.js:467:16)
    at processTicksAndRejections (internal/process/task_queues.js:82:21)
[error] 
[error] Error: An unexpected error has occurred.
[debug] [2022-02-04T09:21:24.820Z] ----------------------------------------------------------------------
[debug] [2022-02-04T09:21:24.823Z] Command:       C:\Program Files\nodejs\node.exe C:\Users\stari\AppData\Roaming\npm\node_modules\firebase-tools\lib\bin\firebase.js login
[debug] [2022-02-04T09:21:24.823Z] CLI Version:   10.1.4
[debug] [2022-02-04T09:21:24.823Z] Platform:      win32
[debug] [2022-02-04T09:21:24.823Z] Node Version:  v14.17.6
[debug] [2022-02-04T09:21:24.825Z] Time:          Fri Feb 04 2022 12:21:24 GMT+0300 (Москва, стандартное время)
[debug] [2022-02-04T09:21:24.825Z] ----------------------------------------------------------------------
[debug] 
[info] i  Firebase optionally collects CLI usage and error reporting information to help improve our products. Data is collected in accordance with Google's privacy policy (https://policies.google.com/privacy) and is not used to identify you.
 
[info] i  To change your data collection preference at any time, run `firebase logout` and log in again. 
[info] 
[info] Visit this URL on this device to log in:
[info] https://accounts.google.com/o/oauth2/auth?client_id=563584335869-fgrhgmd47bqnekij5i8b5pr03ho849e6.apps.googleusercontent.com&scope=email%20openid%20https%3A%2F%2Fwww.googleapis.com%2Fauth%2Fcloudplatformprojects.readonly%20https%3A%2F%2Fwww.googleapis.com%2Fauth%2Ffirebase%20https%3A%2F%2Fwww.googleapis.com%2Fauth%2Fcloud-platform&response_type=code&state=868921290&redirect_uri=http%3A%2F%2Flocalhost%3A9005
[info] 
[info] Waiting for authentication...
[debug] [2022-02-04T09:21:26.885Z] Error: spawn cmd ENOENT
    at Process.ChildProcess._handle.onexit (internal/child_process.js:269:19)
    at onErrorNT (internal/child_process.js:467:16)
    at processTicksAndRejections (internal/process/task_queues.js:82:21)
[error] 
[error] Error: An unexpected error has occurred.
